<?xml version="1.0" encoding="UTF-8"?>
<testsuite xmlns:xsi="http://www.w3.org/2001/XMLSchema-instance" xsi:noNamespaceSchemaLocation="https://maven.apache.org/surefire/maven-surefire-plugin/xsd/surefire-test-report.xsd" name="htl.hl.AppTest" time="0.049" tests="1" errors="0" skipped="0" failures="0">
  <properties>
    <property name="java.specification.version" value="21"/>
    <property name="sun.jnu.encoding" value="UTF-8"/>
    <property name="java.class.path" value="/home/felix/Schulordner_HTL/DIPLO/Eviden-Geo-Tracking-solution/Backend/backend-prototype/rabbitmqpublisher/publisher/target/test-classes:/home/felix/Schulordner_HTL/DIPLO/Eviden-Geo-Tracking-solution/Backend/backend-prototype/rabbitmqpublisher/publisher/target/classes:/home/felix/.m2/repository/org/slf4j/slf4j-simple/2.0.7/slf4j-simple-2.0.7.jar:/home/felix/.m2/repository/org/slf4j/slf4j-api/2.0.7/slf4j-api-2.0.7.jar:/home/felix/.m2/repository/org/keycloak/keycloak-admin-client/22.0.1/keycloak-admin-client-22.0.1.jar:/home/felix/.m2/repository/org/keycloak/keycloak-common/22.0.1/keycloak-common-22.0.1.jar:/home/felix/.m2/repository/org/jboss/resteasy/resteasy-client/6.2.4.Final/resteasy-client-6.2.4.Final.jar:/home/felix/.m2/repository/org/jboss/resteasy/resteasy-client-api/6.2.4.Final/resteasy-client-api-6.2.4.Final.jar:/home/felix/.m2/repository/org/jboss/resteasy/resteasy-core-spi/6.2.4.Final/resteasy-core-spi-6.2.4.Final.jar:/home/felix/.m2/repository/jakarta/annotation/jakarta.annotation-api/2.1.1/jakarta.annotation-api-2.1.1.jar:/home/felix/.m2/repository/jakarta/validation/jakarta.validation-api/3.0.2/jakarta.validation-api-3.0.2.jar:/home/felix/.m2/repository/org/jboss/resteasy/resteasy-core/6.2.4.Final/resteasy-core-6.2.4.Final.jar:/home/felix/.m2/repository/org/jboss/jandex/2.4.3.Final/jandex-2.4.3.Final.jar:/home/felix/.m2/repository/jakarta/activation/jakarta.activation-api/2.1.2/jakarta.activation-api-2.1.2.jar:/home/felix/.m2/repository/org/eclipse/angus/angus-activation/1.0.0/angus-activation-1.0.0.jar:/home/felix/.m2/repository/com/ibm/async/asyncutil/0.1.0/asyncutil-0.1.0.jar:/home/felix/.m2/repository/org/jboss/logging/jboss-logging/3.5.0.Final/jboss-logging-3.5.0.Final.jar:/home/felix/.m2/repository/jakarta/ws/rs/jakarta.ws.rs-api/3.1.0/jakarta.ws.rs-api-3.1.0.jar:/home/felix/.m2/repository/org/jboss/resteasy/resteasy-multipart-provider/6.2.4.Final/resteasy-multipart-provider-6.2.4.Final.jar:/home/felix/.m2/repository/jakarta/mail/jakarta.mail-api/2.1.0/jakarta.mail-api-2.1.0.jar:/home/felix/.m2/repository/org/eclipse/angus/angus-mail/1.0.0/angus-mail-1.0.0.jar:/home/felix/.m2/repository/org/apache/james/apache-mime4j-dom/0.8.9/apache-mime4j-dom-0.8.9.jar:/home/felix/.m2/repository/org/apache/james/apache-mime4j-core/0.8.9/apache-mime4j-core-0.8.9.jar:/home/felix/.m2/repository/org/apache/james/apache-mime4j-storage/0.8.9/apache-mime4j-storage-0.8.9.jar:/home/felix/.m2/repository/commons-io/commons-io/2.11.0/commons-io-2.11.0.jar:/home/felix/.m2/repository/org/jboss/resteasy/resteasy-jackson2-provider/6.2.4.Final/resteasy-jackson2-provider-6.2.4.Final.jar:/home/felix/.m2/repository/com/fasterxml/jackson/core/jackson-annotations/2.14.3/jackson-annotations-2.14.3.jar:/home/felix/.m2/repository/com/fasterxml/jackson/jakarta/rs/jackson-jakarta-rs-base/2.14.3/jackson-jakarta-rs-base-2.14.3.jar:/home/felix/.m2/repository/com/fasterxml/jackson/jakarta/rs/jackson-jakarta-rs-json-provider/2.14.3/jackson-jakarta-rs-json-provider-2.14.3.jar:/home/felix/.m2/repository/com/fasterxml/jackson/module/jackson-module-jakarta-xmlbind-annotations/2.14.3/jackson-module-jakarta-xmlbind-annotations-2.14.3.jar:/home/felix/.m2/repository/com/github/java-json-tools/json-patch/1.13/json-patch-1.13.jar:/home/felix/.m2/repository/com/github/java-json-tools/msg-simple/1.2/msg-simple-1.2.jar:/home/felix/.m2/repository/com/github/java-json-tools/btf/1.3/btf-1.3.jar:/home/felix/.m2/repository/com/github/java-json-tools/jackson-coreutils/2.0/jackson-coreutils-2.0.jar:/home/felix/.m2/repository/org/jboss/resteasy/resteasy-jaxb-provider/6.2.4.Final/resteasy-jaxb-provider-6.2.4.Final.jar:/home/felix/.m2/repository/jakarta/xml/bind/jakarta.xml.bind-api/3.0.1/jakarta.xml.bind-api-3.0.1.jar:/home/felix/.m2/repository/org/glassfish/jaxb/codemodel/4.0.2/codemodel-4.0.2.jar:/home/felix/.m2/repository/org/glassfish/jaxb/jaxb-core/4.0.2/jaxb-core-4.0.2.jar:/home/felix/.m2/repository/org/glassfish/jaxb/jaxb-jxc/4.0.2/jaxb-jxc-4.0.2.jar:/home/felix/.m2/repository/org/glassfish/jaxb/jaxb-runtime/4.0.2/jaxb-runtime-4.0.2.jar:/home/felix/.m2/repository/org/glassfish/jaxb/txw2/4.0.2/txw2-4.0.2.jar:/home/felix/.m2/repository/org/glassfish/jaxb/jaxb-xjc/4.0.2/jaxb-xjc-4.0.2.jar:/home/felix/.m2/repository/org/glassfish/jaxb/xsom/4.0.2/xsom-4.0.2.jar:/home/felix/.m2/repository/com/sun/istack/istack-commons-runtime/4.1.2/istack-commons-runtime-4.1.2.jar:/home/felix/.m2/repository/com/sun/istack/istack-commons-tools/4.1.2/istack-commons-tools-4.1.2.jar:/home/felix/.m2/repository/com/sun/xml/bind/external/relaxng-datatype/4.0.2/relaxng-datatype-4.0.2.jar:/home/felix/.m2/repository/com/sun/xml/bind/external/rngom/4.0.2/rngom-4.0.2.jar:/home/felix/.m2/repository/org/keycloak/keycloak-core/25.0.5/keycloak-core-25.0.5.jar:/home/felix/.m2/repository/com/fasterxml/jackson/core/jackson-core/2.17.0/jackson-core-2.17.0.jar:/home/felix/.m2/repository/com/fasterxml/jackson/core/jackson-databind/2.17.0/jackson-databind-2.17.0.jar:/home/felix/.m2/repository/net/bytebuddy/byte-buddy/1.14.9/byte-buddy-1.14.9.jar:/home/felix/.m2/repository/com/fasterxml/jackson/datatype/jackson-datatype-jdk8/2.17.0/jackson-datatype-jdk8-2.17.0.jar:/home/felix/.m2/repository/org/eclipse/microprofile/openapi/microprofile-openapi-api/3.1.1/microprofile-openapi-api-3.1.1.jar:/home/felix/.m2/repository/org/keycloak/keycloak-adapter-core/22.0.1/keycloak-adapter-core-22.0.1.jar:/home/felix/.m2/repository/org/keycloak/keycloak-crypto-default/22.0.1/keycloak-crypto-default-22.0.1.jar:/home/felix/.m2/repository/org/keycloak/keycloak-server-spi/22.0.1/keycloak-server-spi-22.0.1.jar:/home/felix/.m2/repository/org/keycloak/keycloak-server-spi-private/22.0.1/keycloak-server-spi-private-22.0.1.jar:/home/felix/.m2/repository/org/bouncycastle/bcprov-jdk15on/1.70/bcprov-jdk15on-1.70.jar:/home/felix/.m2/repository/org/bouncycastle/bcpkix-jdk15on/1.70/bcpkix-jdk15on-1.70.jar:/home/felix/.m2/repository/org/bouncycastle/bcutil-jdk15on/1.70/bcutil-jdk15on-1.70.jar:/home/felix/.m2/repository/junit/junit/4.11/junit-4.11.jar:/home/felix/.m2/repository/org/hamcrest/hamcrest-core/1.3/hamcrest-core-1.3.jar:/home/felix/.m2/repository/com/rabbitmq/amqp-client/5.21.0/amqp-client-5.21.0.jar:/home/felix/.m2/repository/ch/qos/logback/logback-classic/1.5.8/logback-classic-1.5.8.jar:/home/felix/.m2/repository/ch/qos/logback/logback-core/1.5.8/logback-core-1.5.8.jar:/home/felix/.m2/repository/com/datastax/oss/java-driver-core/4.13.0/java-driver-core-4.13.0.jar:/home/felix/.m2/repository/com/datastax/oss/native-protocol/1.5.0/native-protocol-1.5.0.jar:/home/felix/.m2/repository/io/netty/netty-handler/4.1.60.Final/netty-handler-4.1.60.Final.jar:/home/felix/.m2/repository/io/netty/netty-common/4.1.60.Final/netty-common-4.1.60.Final.jar:/home/felix/.m2/repository/io/netty/netty-resolver/4.1.60.Final/netty-resolver-4.1.60.Final.jar:/home/felix/.m2/repository/io/netty/netty-buffer/4.1.60.Final/netty-buffer-4.1.60.Final.jar:/home/felix/.m2/repository/io/netty/netty-transport/4.1.60.Final/netty-transport-4.1.60.Final.jar:/home/felix/.m2/repository/io/netty/netty-codec/4.1.60.Final/netty-codec-4.1.60.Final.jar:/home/felix/.m2/repository/com/datastax/oss/java-driver-shaded-guava/25.1-jre-graal-sub-1/java-driver-shaded-guava-25.1-jre-graal-sub-1.jar:/home/felix/.m2/repository/com/typesafe/config/1.4.1/config-1.4.1.jar:/home/felix/.m2/repository/com/github/jnr/jnr-posix/3.1.5/jnr-posix-3.1.5.jar:/home/felix/.m2/repository/com/github/jnr/jnr-ffi/2.2.2/jnr-ffi-2.2.2.jar:/home/felix/.m2/repository/com/github/jnr/jffi/1.3.1/jffi-1.3.1.jar:/home/felix/.m2/repository/com/github/jnr/jffi/1.3.1/jffi-1.3.1-native.jar:/home/felix/.m2/repository/org/ow2/asm/asm/9.1/asm-9.1.jar:/home/felix/.m2/repository/org/ow2/asm/asm-commons/9.1/asm-commons-9.1.jar:/home/felix/.m2/repository/org/ow2/asm/asm-analysis/9.1/asm-analysis-9.1.jar:/home/felix/.m2/repository/org/ow2/asm/asm-tree/9.1/asm-tree-9.1.jar:/home/felix/.m2/repository/org/ow2/asm/asm-util/9.1/asm-util-9.1.jar:/home/felix/.m2/repository/com/github/jnr/jnr-a64asm/1.0.0/jnr-a64asm-1.0.0.jar:/home/felix/.m2/repository/com/github/jnr/jnr-x86asm/1.0.2/jnr-x86asm-1.0.2.jar:/home/felix/.m2/repository/com/github/jnr/jnr-constants/0.10.1/jnr-constants-0.10.1.jar:/home/felix/.m2/repository/io/dropwizard/metrics/metrics-core/4.1.18/metrics-core-4.1.18.jar:/home/felix/.m2/repository/org/hdrhistogram/HdrHistogram/2.1.12/HdrHistogram-2.1.12.jar:/home/felix/.m2/repository/com/esri/geometry/esri-geometry-api/1.2.1/esri-geometry-api-1.2.1.jar:/home/felix/.m2/repository/org/json/json/20090211/json-20090211.jar:/home/felix/.m2/repository/org/codehaus/jackson/jackson-core-asl/1.9.12/jackson-core-asl-1.9.12.jar:/home/felix/.m2/repository/org/reactivestreams/reactive-streams/1.0.3/reactive-streams-1.0.3.jar:/home/felix/.m2/repository/com/github/stephenc/jcip/jcip-annotations/1.0-1/jcip-annotations-1.0-1.jar:/home/felix/.m2/repository/com/github/spotbugs/spotbugs-annotations/3.1.12/spotbugs-annotations-3.1.12.jar:/home/felix/.m2/repository/com/google/code/findbugs/jsr305/3.0.2/jsr305-3.0.2.jar:/home/felix/.m2/repository/org/apache/httpcomponents/client5/httpclient5/5.1/httpclient5-5.1.jar:/home/felix/.m2/repository/org/apache/httpcomponents/core5/httpcore5/5.1.1/httpcore5-5.1.1.jar:/home/felix/.m2/repository/org/apache/httpcomponents/core5/httpcore5-h2/5.1.1/httpcore5-h2-5.1.1.jar:/home/felix/.m2/repository/commons-codec/commons-codec/1.15/commons-codec-1.15.jar:/home/felix/.m2/repository/org/apache/httpcomponents/httpclient/4.5.14/httpclient-4.5.14.jar:/home/felix/.m2/repository/org/apache/httpcomponents/httpcore/4.4.16/httpcore-4.4.16.jar:/home/felix/.m2/repository/commons-logging/commons-logging/1.2/commons-logging-1.2.jar:"/>
    <property name="java.vm.vendor" value="Azul Systems, Inc."/>
    <property name="sun.arch.data.model" value="64"/>
    <property name="java.vendor.url" value="http://www.azul.com/"/>
    <property name="os.name" value="Linux"/>
    <property name="java.vm.specification.version" value="21"/>
    <property name="sun.java.launcher" value="SUN_STANDARD"/>
    <property name="user.country" value="US"/>
    <property name="sun.boot.library.path" value="/usr/lib/jvm/zulu-21/lib"/>
    <property name="sun.java.command" value="/home/felix/Schulordner_HTL/DIPLO/Eviden-Geo-Tracking-solution/Backend/backend-prototype/rabbitmqpublisher/publisher/target/surefire/surefirebooter14391133706673918906.jar /home/felix/Schulordner_HTL/DIPLO/Eviden-Geo-Tracking-solution/Backend/backend-prototype/rabbitmqpublisher/publisher/target/surefire 2024-09-19T09-06-13_516-jvmRun1 surefire5316919599314765590tmp surefire_014448118453305868689tmp"/>
    <property name="jdk.debug" value="release"/>
    <property name="surefire.test.class.path" value="/home/felix/Schulordner_HTL/DIPLO/Eviden-Geo-Tracking-solution/Backend/backend-prototype/rabbitmqpublisher/publisher/target/test-classes:/home/felix/Schulordner_HTL/DIPLO/Eviden-Geo-Tracking-solution/Backend/backend-prototype/rabbitmqpublisher/publisher/target/classes:/home/felix/.m2/repository/org/slf4j/slf4j-simple/2.0.7/slf4j-simple-2.0.7.jar:/home/felix/.m2/repository/org/slf4j/slf4j-api/2.0.7/slf4j-api-2.0.7.jar:/home/felix/.m2/repository/org/keycloak/keycloak-admin-client/22.0.1/keycloak-admin-client-22.0.1.jar:/home/felix/.m2/repository/org/keycloak/keycloak-common/22.0.1/keycloak-common-22.0.1.jar:/home/felix/.m2/repository/org/jboss/resteasy/resteasy-client/6.2.4.Final/resteasy-client-6.2.4.Final.jar:/home/felix/.m2/repository/org/jboss/resteasy/resteasy-client-api/6.2.4.Final/resteasy-client-api-6.2.4.Final.jar:/home/felix/.m2/repository/org/jboss/resteasy/resteasy-core-spi/6.2.4.Final/resteasy-core-spi-6.2.4.Final.jar:/home/felix/.m2/repository/jakarta/annotation/jakarta.annotation-api/2.1.1/jakarta.annotation-api-2.1.1.jar:/home/felix/.m2/repository/jakarta/validation/jakarta.validation-api/3.0.2/jakarta.validation-api-3.0.2.jar:/home/felix/.m2/repository/org/jboss/resteasy/resteasy-core/6.2.4.Final/resteasy-core-6.2.4.Final.jar:/home/felix/.m2/repository/org/jboss/jandex/2.4.3.Final/jandex-2.4.3.Final.jar:/home/felix/.m2/repository/jakarta/activation/jakarta.activation-api/2.1.2/jakarta.activation-api-2.1.2.jar:/home/felix/.m2/repository/org/eclipse/angus/angus-activation/1.0.0/angus-activation-1.0.0.jar:/home/felix/.m2/repository/com/ibm/async/asyncutil/0.1.0/asyncutil-0.1.0.jar:/home/felix/.m2/repository/org/jboss/logging/jboss-logging/3.5.0.Final/jboss-logging-3.5.0.Final.jar:/home/felix/.m2/repository/jakarta/ws/rs/jakarta.ws.rs-api/3.1.0/jakarta.ws.rs-api-3.1.0.jar:/home/felix/.m2/repository/org/jboss/resteasy/resteasy-multipart-provider/6.2.4.Final/resteasy-multipart-provider-6.2.4.Final.jar:/home/felix/.m2/repository/jakarta/mail/jakarta.mail-api/2.1.0/jakarta.mail-api-2.1.0.jar:/home/felix/.m2/repository/org/eclipse/angus/angus-mail/1.0.0/angus-mail-1.0.0.jar:/home/felix/.m2/repository/org/apache/james/apache-mime4j-dom/0.8.9/apache-mime4j-dom-0.8.9.jar:/home/felix/.m2/repository/org/apache/james/apache-mime4j-core/0.8.9/apache-mime4j-core-0.8.9.jar:/home/felix/.m2/repository/org/apache/james/apache-mime4j-storage/0.8.9/apache-mime4j-storage-0.8.9.jar:/home/felix/.m2/repository/commons-io/commons-io/2.11.0/commons-io-2.11.0.jar:/home/felix/.m2/repository/org/jboss/resteasy/resteasy-jackson2-provider/6.2.4.Final/resteasy-jackson2-provider-6.2.4.Final.jar:/home/felix/.m2/repository/com/fasterxml/jackson/core/jackson-annotations/2.14.3/jackson-annotations-2.14.3.jar:/home/felix/.m2/repository/com/fasterxml/jackson/jakarta/rs/jackson-jakarta-rs-base/2.14.3/jackson-jakarta-rs-base-2.14.3.jar:/home/felix/.m2/repository/com/fasterxml/jackson/jakarta/rs/jackson-jakarta-rs-json-provider/2.14.3/jackson-jakarta-rs-json-provider-2.14.3.jar:/home/felix/.m2/repository/com/fasterxml/jackson/module/jackson-module-jakarta-xmlbind-annotations/2.14.3/jackson-module-jakarta-xmlbind-annotations-2.14.3.jar:/home/felix/.m2/repository/com/github/java-json-tools/json-patch/1.13/json-patch-1.13.jar:/home/felix/.m2/repository/com/github/java-json-tools/msg-simple/1.2/msg-simple-1.2.jar:/home/felix/.m2/repository/com/github/java-json-tools/btf/1.3/btf-1.3.jar:/home/felix/.m2/repository/com/github/java-json-tools/jackson-coreutils/2.0/jackson-coreutils-2.0.jar:/home/felix/.m2/repository/org/jboss/resteasy/resteasy-jaxb-provider/6.2.4.Final/resteasy-jaxb-provider-6.2.4.Final.jar:/home/felix/.m2/repository/jakarta/xml/bind/jakarta.xml.bind-api/3.0.1/jakarta.xml.bind-api-3.0.1.jar:/home/felix/.m2/repository/org/glassfish/jaxb/codemodel/4.0.2/codemodel-4.0.2.jar:/home/felix/.m2/repository/org/glassfish/jaxb/jaxb-core/4.0.2/jaxb-core-4.0.2.jar:/home/felix/.m2/repository/org/glassfish/jaxb/jaxb-jxc/4.0.2/jaxb-jxc-4.0.2.jar:/home/felix/.m2/repository/org/glassfish/jaxb/jaxb-runtime/4.0.2/jaxb-runtime-4.0.2.jar:/home/felix/.m2/repository/org/glassfish/jaxb/txw2/4.0.2/txw2-4.0.2.jar:/home/felix/.m2/repository/org/glassfish/jaxb/jaxb-xjc/4.0.2/jaxb-xjc-4.0.2.jar:/home/felix/.m2/repository/org/glassfish/jaxb/xsom/4.0.2/xsom-4.0.2.jar:/home/felix/.m2/repository/com/sun/istack/istack-commons-runtime/4.1.2/istack-commons-runtime-4.1.2.jar:/home/felix/.m2/repository/com/sun/istack/istack-commons-tools/4.1.2/istack-commons-tools-4.1.2.jar:/home/felix/.m2/repository/com/sun/xml/bind/external/relaxng-datatype/4.0.2/relaxng-datatype-4.0.2.jar:/home/felix/.m2/repository/com/sun/xml/bind/external/rngom/4.0.2/rngom-4.0.2.jar:/home/felix/.m2/repository/org/keycloak/keycloak-core/25.0.5/keycloak-core-25.0.5.jar:/home/felix/.m2/repository/com/fasterxml/jackson/core/jackson-core/2.17.0/jackson-core-2.17.0.jar:/home/felix/.m2/repository/com/fasterxml/jackson/core/jackson-databind/2.17.0/jackson-databind-2.17.0.jar:/home/felix/.m2/repository/net/bytebuddy/byte-buddy/1.14.9/byte-buddy-1.14.9.jar:/home/felix/.m2/repository/com/fasterxml/jackson/datatype/jackson-datatype-jdk8/2.17.0/jackson-datatype-jdk8-2.17.0.jar:/home/felix/.m2/repository/org/eclipse/microprofile/openapi/microprofile-openapi-api/3.1.1/microprofile-openapi-api-3.1.1.jar:/home/felix/.m2/repository/org/keycloak/keycloak-adapter-core/22.0.1/keycloak-adapter-core-22.0.1.jar:/home/felix/.m2/repository/org/keycloak/keycloak-crypto-default/22.0.1/keycloak-crypto-default-22.0.1.jar:/home/felix/.m2/repository/org/keycloak/keycloak-server-spi/22.0.1/keycloak-server-spi-22.0.1.jar:/home/felix/.m2/repository/org/keycloak/keycloak-server-spi-private/22.0.1/keycloak-server-spi-private-22.0.1.jar:/home/felix/.m2/repository/org/bouncycastle/bcprov-jdk15on/1.70/bcprov-jdk15on-1.70.jar:/home/felix/.m2/repository/org/bouncycastle/bcpkix-jdk15on/1.70/bcpkix-jdk15on-1.70.jar:/home/felix/.m2/repository/org/bouncycastle/bcutil-jdk15on/1.70/bcutil-jdk15on-1.70.jar:/home/felix/.m2/repository/junit/junit/4.11/junit-4.11.jar:/home/felix/.m2/repository/org/hamcrest/hamcrest-core/1.3/hamcrest-core-1.3.jar:/home/felix/.m2/repository/com/rabbitmq/amqp-client/5.21.0/amqp-client-5.21.0.jar:/home/felix/.m2/repository/ch/qos/logback/logback-classic/1.5.8/logback-classic-1.5.8.jar:/home/felix/.m2/repository/ch/qos/logback/logback-core/1.5.8/logback-core-1.5.8.jar:/home/felix/.m2/repository/com/datastax/oss/java-driver-core/4.13.0/java-driver-core-4.13.0.jar:/home/felix/.m2/repository/com/datastax/oss/native-protocol/1.5.0/native-protocol-1.5.0.jar:/home/felix/.m2/repository/io/netty/netty-handler/4.1.60.Final/netty-handler-4.1.60.Final.jar:/home/felix/.m2/repository/io/netty/netty-common/4.1.60.Final/netty-common-4.1.60.Final.jar:/home/felix/.m2/repository/io/netty/netty-resolver/4.1.60.Final/netty-resolver-4.1.60.Final.jar:/home/felix/.m2/repository/io/netty/netty-buffer/4.1.60.Final/netty-buffer-4.1.60.Final.jar:/home/felix/.m2/repository/io/netty/netty-transport/4.1.60.Final/netty-transport-4.1.60.Final.jar:/home/felix/.m2/repository/io/netty/netty-codec/4.1.60.Final/netty-codec-4.1.60.Final.jar:/home/felix/.m2/repository/com/datastax/oss/java-driver-shaded-guava/25.1-jre-graal-sub-1/java-driver-shaded-guava-25.1-jre-graal-sub-1.jar:/home/felix/.m2/repository/com/typesafe/config/1.4.1/config-1.4.1.jar:/home/felix/.m2/repository/com/github/jnr/jnr-posix/3.1.5/jnr-posix-3.1.5.jar:/home/felix/.m2/repository/com/github/jnr/jnr-ffi/2.2.2/jnr-ffi-2.2.2.jar:/home/felix/.m2/repository/com/github/jnr/jffi/1.3.1/jffi-1.3.1.jar:/home/felix/.m2/repository/com/github/jnr/jffi/1.3.1/jffi-1.3.1-native.jar:/home/felix/.m2/repository/org/ow2/asm/asm/9.1/asm-9.1.jar:/home/felix/.m2/repository/org/ow2/asm/asm-commons/9.1/asm-commons-9.1.jar:/home/felix/.m2/repository/org/ow2/asm/asm-analysis/9.1/asm-analysis-9.1.jar:/home/felix/.m2/repository/org/ow2/asm/asm-tree/9.1/asm-tree-9.1.jar:/home/felix/.m2/repository/org/ow2/asm/asm-util/9.1/asm-util-9.1.jar:/home/felix/.m2/repository/com/github/jnr/jnr-a64asm/1.0.0/jnr-a64asm-1.0.0.jar:/home/felix/.m2/repository/com/github/jnr/jnr-x86asm/1.0.2/jnr-x86asm-1.0.2.jar:/home/felix/.m2/repository/com/github/jnr/jnr-constants/0.10.1/jnr-constants-0.10.1.jar:/home/felix/.m2/repository/io/dropwizard/metrics/metrics-core/4.1.18/metrics-core-4.1.18.jar:/home/felix/.m2/repository/org/hdrhistogram/HdrHistogram/2.1.12/HdrHistogram-2.1.12.jar:/home/felix/.m2/repository/com/esri/geometry/esri-geometry-api/1.2.1/esri-geometry-api-1.2.1.jar:/home/felix/.m2/repository/org/json/json/20090211/json-20090211.jar:/home/felix/.m2/repository/org/codehaus/jackson/jackson-core-asl/1.9.12/jackson-core-asl-1.9.12.jar:/home/felix/.m2/repository/org/reactivestreams/reactive-streams/1.0.3/reactive-streams-1.0.3.jar:/home/felix/.m2/repository/com/github/stephenc/jcip/jcip-annotations/1.0-1/jcip-annotations-1.0-1.jar:/home/felix/.m2/repository/com/github/spotbugs/spotbugs-annotations/3.1.12/spotbugs-annotations-3.1.12.jar:/home/felix/.m2/repository/com/google/code/findbugs/jsr305/3.0.2/jsr305-3.0.2.jar:/home/felix/.m2/repository/org/apache/httpcomponents/client5/httpclient5/5.1/httpclient5-5.1.jar:/home/felix/.m2/repository/org/apache/httpcomponents/core5/httpcore5/5.1.1/httpcore5-5.1.1.jar:/home/felix/.m2/repository/org/apache/httpcomponents/core5/httpcore5-h2/5.1.1/httpcore5-h2-5.1.1.jar:/home/felix/.m2/repository/commons-codec/commons-codec/1.15/commons-codec-1.15.jar:/home/felix/.m2/repository/org/apache/httpcomponents/httpclient/4.5.14/httpclient-4.5.14.jar:/home/felix/.m2/repository/org/apache/httpcomponents/httpcore/4.4.16/httpcore-4.4.16.jar:/home/felix/.m2/repository/commons-logging/commons-logging/1.2/commons-logging-1.2.jar:"/>
    <property name="sun.cpu.endian" value="little"/>
    <property name="user.home" value="/home/felix"/>
    <property name="user.language" value="en"/>
    <property name="java.specification.vendor" value="Oracle Corporation"/>
    <property name="java.version.date" value="2024-07-16"/>
    <property name="java.home" value="/usr/lib/jvm/zulu-21"/>
    <property name="file.separator" value="/"/>
    <property name="basedir" value="/home/felix/Schulordner_HTL/DIPLO/Eviden-Geo-Tracking-solution/Backend/backend-prototype/rabbitmqpublisher/publisher"/>
    <property name="java.vm.compressedOopsMode" value="Zero based"/>
    <property name="line.separator" value="&#10;"/>
    <property name="java.specification.name" value="Java Platform API Specification"/>
    <property name="java.vm.specification.vendor" value="Oracle Corporation"/>
    <property name="surefire.real.class.path" value="/home/felix/Schulordner_HTL/DIPLO/Eviden-Geo-Tracking-solution/Backend/backend-prototype/rabbitmqpublisher/publisher/target/surefire/surefirebooter14391133706673918906.jar"/>
    <property name="sun.management.compiler" value="HotSpot 64-Bit Tiered Compilers"/>
    <property name="java.runtime.version" value="21.0.4+7-LTS"/>
    <property name="user.name" value="felix"/>
    <property name="stdout.encoding" value="UTF-8"/>
    <property name="path.separator" value=":"/>
    <property name="os.version" value="6.10.10-arch1-1"/>
    <property name="java.runtime.name" value="OpenJDK Runtime Environment"/>
    <property name="file.encoding" value="UTF-8"/>
    <property name="java.vm.name" value="OpenJDK 64-Bit Server VM"/>
    <property name="java.vendor.version" value="Zulu21.36+17-CA"/>
    <property name="localRepository" value="/home/felix/.m2/repository"/>
    <property name="java.vendor.url.bug" value="http://www.azul.com/support/"/>
    <property name="java.io.tmpdir" value="/tmp"/>
    <property name="java.version" value="21.0.4"/>
    <property name="user.dir" value="/home/felix/Schulordner_HTL/DIPLO/Eviden-Geo-Tracking-solution/Backend/backend-prototype/rabbitmqpublisher/publisher"/>
    <property name="os.arch" value="amd64"/>
    <property name="java.vm.specification.name" value="Java Virtual Machine Specification"/>
    <property name="native.encoding" value="UTF-8"/>
    <property name="java.library.path" value="/usr/java/packages/lib:/usr/lib64:/lib64:/lib:/usr/lib"/>
    <property name="java.vm.info" value="mixed mode, sharing"/>
    <property name="stderr.encoding" value="UTF-8"/>
    <property name="java.vendor" value="Azul Systems, Inc."/>
    <property name="java.vm.version" value="21.0.4+7-LTS"/>
    <property name="sun.io.unicode.encoding" value="UnicodeLittle"/>
    <property name="java.class.version" value="65.0"/>
  </properties>
  <testcase name="shouldAnswerWithTrue" classname="htl.hl.AppTest" time="0.004"/>
</testsuite>